<?xml version="1.0" encoding="UTF-8"?>
<!-- Generated by org.testng.reporters.JUnitReportReporter -->
<testsuite hostname="Pradeep" failures="0" tests="1" name="com.TestNg.Adactin" time="4.208" errors="0" timestamp="2024-02-15T10:42:06 IST" skipped="0">
  <testcase classname="com.TestNg.Adactin" name="searchHotal" time="4.208"/>
  <system-out/>
</testsuite> <!-- com.TestNg.Adactin -->
